\BOOKMARK [0][-]{section*.1}{\376\377\000A\000c\000k\000n\000o\000w\000l\000e\000d\000g\000e\000m\000e\000n\000t\000s}{}% 1
\BOOKMARK [0][-]{section*.2}{\376\377\000A\000b\000s\000t\000r\000a\000c\000t}{}% 2
\BOOKMARK [0][-]{chapter.7}{\376\377\000T\000i\000p\000s}{}% 3
\BOOKMARK [1][-]{section.8}{\376\377\000I\000n\000t\000r\000o\000d\000u\000c\000t\000i\000o\000n}{chapter.7}% 4
\BOOKMARK [2][-]{subsection.9}{\376\377\000G\000o\000a\000l\000\040\000o\000f\000\040\000t\000h\000i\000s\000\040\000c\000h\000a\000p\000e\000r}{section.8}% 5
\BOOKMARK [2][-]{subsection.10}{\376\377\000S\000t\000r\000u\000c\000t\000u\000r\000e\000\040\000o\000f\000\040\000a\000\040\000c\000h\000a\000p\000t\000e\000r}{section.8}% 6
\BOOKMARK [3][-]{section*.11}{\376\377\000B\000e\000c\000a\000u\000s\000e\000\040\000s\000u\000b\000s\000u\000b\000s\000e\000c\000t\000i\000o\000n\000\040\000t\000h\000a\000t\000'\000s\000\040\000w\000h\000y\000!}{subsection.10}% 7
\BOOKMARK [1][-]{section.14}{\376\377\000F\000o\000n\000t\000\040\000F\000o\000r\000m\000a\000t\000t\000i\000n\000g\000\040\000C\000o\000m\000m\000a\000n\000d\000s}{chapter.7}% 8
\BOOKMARK [2][-]{subsection.15}{\376\377\000S\000p\000e\000c\000i\000a\000l\000\040\000c\000h\000a\000r\000a\000c\000t\000e\000r\000s}{section.14}% 9
\BOOKMARK [1][-]{section.25}{\376\377\000E\000q\000u\000a\000t\000i\000o\000n\000s}{chapter.7}% 10
\BOOKMARK [1][-]{section.27}{\376\377\000C\000o\000d\000e\000\040\000S\000n\000i\000p\000p\000e\000t\000s}{chapter.7}% 11
\BOOKMARK [1][-]{section.34}{\376\377\000F\000i\000g\000u\000r\000e\000s}{chapter.7}% 12
\BOOKMARK [2][-]{subsection.36}{\376\377\000F\000i\000g\000u\000r\000e\000\040\000S\000i\000z\000e}{section.34}% 13
\BOOKMARK [2][-]{subsection.37}{\376\377\000S\000u\000p\000p\000o\000r\000t\000e\000d\000\040\000F\000o\000r\000m\000a\000t\000s}{section.34}% 14
\BOOKMARK [2][-]{subsection.38}{\376\377\000M\000u\000l\000t\000i\000p\000l\000e\000\040\000i\000m\000a\000g\000e\000s\000\040\000i\000n\000\040\000o\000n\000e\000\040\000f\000i\000g\000u\000r\000e}{section.34}% 15
\BOOKMARK [1][-]{section.40}{\376\377\000T\000a\000b\000l\000e\000s}{chapter.7}% 16
\BOOKMARK [1][-]{section.42}{\376\377\000B\000i\000b\000l\000i\000o\000g\000r\000a\000p\000h\000y}{chapter.7}% 17
\BOOKMARK [2][-]{subsection.43}{\376\377\000H\000o\000w\000\040\000t\000o\000\040\000g\000e\000t\000\040\000B\000i\000b\000t\000e\000x\000\040\000R\000e\000f\000e\000r\000e\000n\000c\000e\000s\000?}{section.42}% 18
\BOOKMARK [1][-]{section.46}{\376\377\000E\000n\000d\000\040\000o\000f\000\040\000t\000h\000e\000\040\000T\000i\000p\000s}{chapter.7}% 19
\BOOKMARK [0][-]{chapter.47}{\376\377\000C\000h\000a\000p\000t\000e\000r\000\040\000T\000i\000t\000l\000e\000\040\000H\000e\000r\000e}{}% 20
\BOOKMARK [1][-]{section.48}{\376\377\000W\000e\000l\000c\000o\000m\000e\000\040\000a\000n\000d\000\040\000T\000h\000a\000n\000k\000\040\000Y\000o\000u}{chapter.47}% 21
\BOOKMARK [1][-]{section.49}{\376\377\000L\000e\000a\000r\000n\000i\000n\000g\000\040\000L\000a\000T\000e\000X}{chapter.47}% 22
\BOOKMARK [2][-]{subsection.50}{\376\377\000A\000\040\000\050\000n\000o\000t\000\040\000s\000o\000\040\000s\000h\000o\000r\000t\000\051\000\040\000I\000n\000t\000r\000o\000d\000u\000c\000t\000i\000o\000n\000\040\000t\000o\000\040\000L\000a\000T\000e\000X}{section.49}% 23
\BOOKMARK [2][-]{subsection.51}{\376\377\000A\000\040\000S\000h\000o\000r\000t\000\040\000M\000a\000t\000h\000\040\000G\000u\000i\000d\000e\000\040\000f\000o\000r\000\040\000L\000a\000T\000e\000X}{section.49}% 24
\BOOKMARK [2][-]{subsection.52}{\376\377\000C\000o\000m\000m\000o\000n\000\040\000L\000a\000T\000e\000X\000\040\000M\000a\000t\000h\000\040\000S\000y\000m\000b\000o\000l\000s}{section.49}% 25
\BOOKMARK [2][-]{subsection.53}{\376\377\000L\000a\000T\000e\000X\000\040\000o\000n\000\040\000a\000\040\000M\000a\000c}{section.49}% 26
\BOOKMARK [1][-]{section.54}{\376\377\000G\000e\000t\000t\000i\000n\000g\000\040\000S\000t\000a\000r\000t\000e\000d\000\040\000w\000i\000t\000h\000\040\000t\000h\000i\000s\000\040\000T\000e\000m\000p\000l\000a\000t\000e}{chapter.47}% 27
\BOOKMARK [2][-]{subsection.55}{\376\377\000A\000b\000o\000u\000t\000\040\000t\000h\000i\000s\000\040\000T\000e\000m\000p\000l\000a\000t\000e}{section.54}% 28
\BOOKMARK [1][-]{section.56}{\376\377\000W\000h\000a\000t\000\040\000t\000h\000i\000s\000\040\000T\000e\000m\000p\000l\000a\000t\000e\000\040\000I\000n\000c\000l\000u\000d\000e\000s}{chapter.47}% 29
\BOOKMARK [2][-]{subsection.57}{\376\377\000F\000o\000l\000d\000e\000r\000s}{section.56}% 30
\BOOKMARK [2][-]{subsection.58}{\376\377\000F\000i\000l\000e\000s}{section.56}% 31
\BOOKMARK [1][-]{section.59}{\376\377\000F\000i\000l\000l\000i\000n\000g\000\040\000i\000n\000\040\000Y\000o\000u\000r\000\040\000I\000n\000f\000o\000r\000m\000a\000t\000i\000o\000n\000\040\000i\000n\000\040\000t\000h\000e\000\040\000m\000a\000i\000n\000.\000t\000e\000x\000\040\000F\000i\000l\000e}{chapter.47}% 32
\BOOKMARK [1][-]{section.60}{\376\377\000T\000h\000e\000\040\000m\000a\000i\000n\000.\000t\000e\000x\000\040\000F\000i\000l\000e\000\040\000E\000x\000p\000l\000a\000i\000n\000e\000d}{chapter.47}% 33
\BOOKMARK [1][-]{section.61}{\376\377\000T\000h\000e\000s\000i\000s\000\040\000F\000e\000a\000t\000u\000r\000e\000s\000\040\000a\000n\000d\000\040\000C\000o\000n\000v\000e\000n\000t\000i\000o\000n\000s}{chapter.47}% 34
\BOOKMARK [2][-]{subsection.62}{\376\377\000P\000r\000i\000n\000t\000i\000n\000g\000\040\000F\000o\000r\000m\000a\000t}{section.61}% 35
\BOOKMARK [2][-]{subsection.63}{\376\377\000U\000s\000i\000n\000g\000\040\000U\000S\000\040\000L\000e\000t\000t\000e\000r\000\040\000P\000a\000p\000e\000r}{section.61}% 36
\BOOKMARK [2][-]{subsection.64}{\376\377\000R\000e\000f\000e\000r\000e\000n\000c\000e\000s}{section.61}% 37
\BOOKMARK [3][-]{section*.66}{\376\377\000A\000\040\000N\000o\000t\000e\000\040\000o\000n\000\040\000b\000i\000b\000t\000e\000x}{subsection.64}% 38
\BOOKMARK [2][-]{subsection.67}{\376\377\000T\000a\000b\000l\000e\000s}{section.61}% 39
\BOOKMARK [2][-]{subsection.69}{\376\377\000F\000i\000g\000u\000r\000e\000s}{section.61}% 40
\BOOKMARK [2][-]{subsection.71}{\376\377\000T\000y\000p\000e\000s\000e\000t\000t\000i\000n\000g\000\040\000m\000a\000t\000h\000e\000m\000a\000t\000i\000c\000s}{section.61}% 41
\BOOKMARK [1][-]{section.73}{\376\377\000S\000e\000c\000t\000i\000o\000n\000i\000n\000g\000\040\000a\000n\000d\000\040\000S\000u\000b\000s\000e\000c\000t\000i\000o\000n\000i\000n\000g}{chapter.47}% 42
\BOOKMARK [1][-]{section.74}{\376\377\000I\000n\000\040\000C\000l\000o\000s\000i\000n\000g}{chapter.47}% 43
\BOOKMARK [0][-]{chapter*.75}{\376\377\000B\000i\000b\000l\000i\000o\000g\000r\000a\000p\000h\000y}{}% 44
\BOOKMARK [0][-]{appendix.76}{\376\377\000F\000r\000e\000q\000u\000e\000n\000t\000l\000y\000\040\000A\000s\000k\000e\000d\000\040\000Q\000u\000e\000s\000t\000i\000o\000n\000s}{}% 45
\BOOKMARK [1][-]{section.77}{\376\377\000H\000o\000w\000\040\000d\000o\000\040\000I\000\040\000c\000h\000a\000n\000g\000e\000\040\000t\000h\000e\000\040\000c\000o\000l\000o\000r\000s\000\040\000o\000f\000\040\000l\000i\000n\000k\000s\000?}{appendix.76}% 46
