\BOOKMARK [0][-]{chapter.2}{\376\377\000I\000n\000t\000r\000o\000d\000u\000c\000t\000i\000o\000n\000\040\000a\000n\000d\000\040\000M\000o\000t\000i\000v\000a\000t\000i\000o\000n}{}% 1
\BOOKMARK [0][-]{chapter.4}{\376\377\000B\000a\000c\000k\000g\000r\000o\000u\000n\000d\000\040\000a\000n\000d\000\040\000R\000e\000l\000a\000t\000e\000d\000\040\000W\000o\000r\000k}{}% 2
\BOOKMARK [1][-]{section.5}{\376\377\000R\000o\000b\000o\000t\000i\000c\000s\000\040\000S\000y\000s\000t\000e\000m\000\040\000B\000e\000n\000c\000h\000m\000a\000r\000k\000i\000n\000g}{chapter.4}% 3
\BOOKMARK [2][-]{subsection.6}{\376\377\000B\000a\000c\000k\000g\000r\000o\000u\000n\000d}{section.5}% 4
\BOOKMARK [2][-]{subsection.7}{\376\377\000M\000e\000t\000h\000o\000d\000o\000l\000o\000g\000y}{section.5}% 5
\BOOKMARK [2][-]{subsection.9}{\376\377\000A\000p\000p\000l\000i\000c\000a\000t\000i\000o\000n}{section.5}% 6
\BOOKMARK [2][-]{subsection.14}{\376\377\000E\000x\000t\000e\000n\000s\000i\000o\000n\000:\000\040\000R\000e\000i\000n\000f\000o\000r\000c\000e\000m\000e\000n\000t\000\040\000L\000e\000a\000r\000n\000i\000n\000g}{section.5}% 7
\BOOKMARK [1][-]{section.15}{\376\377\000S\000i\000m\000u\000l\000t\000a\000n\000e\000o\000u\000s\000\040\000L\000o\000c\000a\000l\000i\000z\000a\000t\000i\000o\000n\000\040\000a\000n\000d\000\040\000M\000a\000p\000p\000i\000n\000g}{chapter.4}% 8
\BOOKMARK [2][-]{subsection.16}{\376\377\000S\000L\000A\000M\000\040\000B\000a\000c\000k\000g\000r\000o\000u\000n\000d}{section.15}% 9
\BOOKMARK [2][-]{subsection.17}{\376\377\000S\000L\000A\000M\000\040\000B\000e\000n\000c\000h\000m\000a\000r\000k\000i\000n\000g}{section.15}% 10
\BOOKMARK [1][-]{section.18}{\376\377\000S\000L\000A\000M\000B\000e\000n\000c\000h\000\040\000A\000r\000c\000h\000i\000t\000e\000c\000t\000u\000r\000e\000\040\000a\000n\000d\000\040\000E\000v\000a\000l\000u\000a\000t\000i\000o\000n}{chapter.4}% 11
\BOOKMARK [2][-]{subsection.19}{\376\377\000O\000v\000e\000r\000v\000i\000e\000w\000\040\000o\000f\000\040\000C\000o\000r\000e\000\040\000C\000o\000m\000p\000o\000n\000e\000n\000t\000s}{section.18}% 12
\BOOKMARK [2][-]{subsection.37}{\376\377\000S\000t\000r\000e\000n\000g\000t\000h\000s\000\040\000o\000f\000\040\000S\000L\000A\000M\000B\000e\000n\000c\000h\000\040\000A\000r\000c\000h\000i\000t\000e\000c\000t\000u\000r\000e}{section.18}% 13
\BOOKMARK [2][-]{subsection.41}{\376\377\000W\000e\000a\000k\000n\000e\000s\000s\000e\000s\000\040\000a\000n\000d\000\040\000O\000b\000s\000t\000a\000c\000l\000e\000s}{section.18}% 14
\BOOKMARK [0][-]{chapter.46}{\376\377\000F\000i\000l\000t\000e\000r\000i\000n\000g\000\040\000S\000y\000s\000t\000e\000m\000\040\000i\000n\000\040\000S\000L\000A\000M\000B\000e\000n\000c\000h}{}% 15
\BOOKMARK [1][-]{section.47}{\376\377\000O\000v\000e\000r\000v\000i\000e\000w}{chapter.46}% 16
\BOOKMARK [1][-]{section.54}{\376\377\000F\000l\000o\000w\000\040\000F\000i\000l\000t\000e\000r}{chapter.46}% 17
\BOOKMARK [2][-]{subsection.61}{\376\377\000A\000r\000c\000h\000i\000t\000e\000c\000t\000u\000r\000a\000l\000\040\000D\000e\000s\000i\000g\000n\000\040\000\046\000\040\000C\000o\000n\000t\000r\000o\000l\000\040\000F\000l\000o\000w}{section.54}% 18
\BOOKMARK [2][-]{subsection.64}{\376\377\000M\000u\000l\000t\000i\000-\000s\000e\000n\000s\000o\000r\000y\000\040\000P\000r\000o\000c\000e\000s\000s\000i\000n\000g}{section.54}% 19
\BOOKMARK [2][-]{subsection.65}{\376\377\000I\000m\000p\000l\000e\000m\000e\000n\000t\000a\000t\000i\000o\000n}{section.54}% 20
\BOOKMARK [1][-]{section.67}{\376\377\000S\000e\000n\000s\000o\000r\000\040\000F\000i\000l\000t\000e\000r}{chapter.46}% 21
\BOOKMARK [0][-]{chapter.69}{\376\377\000N\000e\000x\000t\000\040\000S\000t\000e\000p\000s}{}% 22
\BOOKMARK [0][-]{chapter*.71}{\376\377\000B\000i\000b\000l\000i\000o\000g\000r\000a\000p\000h\000y}{}% 23
